# JRE version: OpenJDK Runtime Environment (10.0.2+13) (build 10.0.2+13-Ubuntu-1ubuntu0.18.04.4)
# Java VM: OpenJDK 64-Bit Server VM (10.0.2+13-Ubuntu-1ubuntu0.18.04.4, mixed mode, tiered, compressed oops, g1 gc, linux-amd64)
Heap:
 garbage-first heap   total 224256K, used 71955K [0x0000000083000000, 0x0000000100000000)
  region size 1024K, 40 young (40960K), 16 survivors (16384K)
 Metaspace       used 75096K, capacity 76841K, committed 77440K, reserved 1116160K
  class space    used 9125K, capacity 9841K, committed 9856K, reserved 1048576K
GC Heap History (10 events):
Event: 2,804 GC heap before
{Heap before GC invocations=9 (full 0):
 garbage-first heap   total 167936K, used 110081K [0x0000000083000000, 0x0000000100000000)
  region size 1024K, 95 young (97280K), 12 survivors (12288K)
 Metaspace       used 43336K, capacity 44466K, committed 44928K, reserved 1089536K
  class space    used 4933K, capacity 5383K, committed 5504K, reserved 1048576K
}
Event: 2,816 GC heap after
{Heap after GC invocations=10 (full 0):
 garbage-first heap   total 167936K, used 27903K [0x0000000083000000, 0x0000000100000000)
  region size 1024K, 4 young (4096K), 4 survivors (4096K)
 Metaspace       used 43336K, capacity 44466K, committed 44928K, reserved 1089536K
  class space    used 4933K, capacity 5383K, committed 5504K, reserved 1048576K
}
Event: 3,559 GC heap before
{Heap before GC invocations=10 (full 0):
 garbage-first heap   total 167936K, used 113919K [0x0000000083000000, 0x0000000100000000)
  region size 1024K, 88 young (90112K), 4 survivors (4096K)
 Metaspace       used 52453K, capacity 53753K, committed 54144K, reserved 1097728K
  class space    used 5915K, capacity 6455K, committed 6528K, reserved 1048576K
}
Event: 3,569 GC heap after
{Heap after GC invocations=11 (full 0):
 garbage-first heap   total 224256K, used 32506K [0x0000000083000000, 0x0000000100000000)
  region size 1024K, 8 young (8192K), 8 survivors (8192K)
 Metaspace       used 52453K, capacity 53753K, committed 54144K, reserved 1097728K
  class space    used 5915K, capacity 6455K, committed 6528K, reserved 1048576K
}
Event: 4,043 GC heap before
{Heap before GC invocations=11 (full 0):
 garbage-first heap   total 224256K, used 70394K [0x0000000083000000, 0x0000000100000000)
  region size 1024K, 46 young (47104K), 8 survivors (8192K)
 Metaspace       used 58360K, capacity 59635K, committed 60160K, reserved 1101824K
  class space    used 6837K, capacity 7366K, committed 7424K, reserved 1048576K
}
Event: 4,052 GC heap after
{Heap after GC invocations=12 (full 0):
 garbage-first heap   total 224256K, used 34767K [0x0000000083000000, 0x0000000100000000)
  region size 1024K, 10 young (10240K), 10 survivors (10240K)
 Metaspace       used 58360K, capacity 59635K, committed 60160K, reserved 1101824K
  class space    used 6837K, capacity 7366K, committed 7424K, reserved 1048576K
}
Event: 5,124 GC heap before
{Heap before GC invocations=13 (full 0):
 garbage-first heap   total 224256K, used 148431K [0x0000000083000000, 0x0000000100000000)
  region size 1024K, 121 young (123904K), 10 survivors (10240K)
 Metaspace       used 70349K, capacity 71881K, committed 72448K, reserved 1112064K
  class space    used 8504K, capacity 9125K, committed 9216K, reserved 1048576K
}
Event: 5,137 GC heap after
{Heap after GC invocations=14 (full 0):
 garbage-first heap   total 224256K, used 40878K [0x0000000083000000, 0x0000000100000000)
  region size 1024K, 14 young (14336K), 14 survivors (14336K)
 Metaspace       used 70349K, capacity 71881K, committed 72448K, reserved 1112064K
  class space    used 8504K, capacity 9125K, committed 9216K, reserved 1048576K
}
Event: 5,902 GC heap before
{Heap before GC invocations=14 (full 0):
 garbage-first heap   total 224256K, used 157614K [0x0000000083000000, 0x0000000100000000)
  region size 1024K, 128 young (131072K), 14 survivors (14336K)
 Metaspace       used 74782K, capacity 76537K, committed 77184K, reserved 1116160K
  class space    used 9086K, capacity 9804K, committed 9856K, reserved 1048576K
}
Event: 5,920 GC heap after
{Heap after GC invocations=15 (full 0):
 garbage-first heap   total 224256K, used 48403K [0x0000000083000000, 0x0000000100000000)
  region size 1024K, 16 young (16384K), 16 survivors (16384K)
 Metaspace       used 74782K, capacity 76537K, committed 77184K, reserved 1116160K
  class space    used 9086K, capacity 9804K, committed 9856K, reserved 1048576K
}

